c:\users\stuart\school\csm spring 15\csci 562\lineintersect\lineintersect\debug\vc120.pdb
c:\users\stuart\school\csm spring 15\csci 562\lineintersect\lineintersect\debug\vc120.idb
c:\users\stuart\school\csm spring 15\csci 562\lineintersect\lineintersect\debug\main.obj
c:\users\stuart\school\csm spring 15\csci 562\lineintersect\debug\lineintersect.pdb
c:\users\stuart\school\csm spring 15\csci 562\lineintersect\lineintersect\debug\lineintersect.tlog\cl.command.1.tlog
c:\users\stuart\school\csm spring 15\csci 562\lineintersect\lineintersect\debug\lineintersect.tlog\cl.read.1.tlog
c:\users\stuart\school\csm spring 15\csci 562\lineintersect\lineintersect\debug\lineintersect.tlog\cl.write.1.tlog
c:\users\stuart\school\csm spring 15\csci 562\lineintersect\lineintersect\debug\lineintersect.tlog\link-cvtres.read.1.tlog
c:\users\stuart\school\csm spring 15\csci 562\lineintersect\lineintersect\debug\lineintersect.tlog\link-cvtres.write.1.tlog
c:\users\stuart\school\csm spring 15\csci 562\lineintersect\lineintersect\debug\lineintersect.tlog\link-rc.read.1.tlog
c:\users\stuart\school\csm spring 15\csci 562\lineintersect\lineintersect\debug\lineintersect.tlog\link-rc.write.1.tlog
c:\users\stuart\school\csm spring 15\csci 562\lineintersect\lineintersect\debug\lineintersect.tlog\link.9032-cvtres.read.1.tlog
c:\users\stuart\school\csm spring 15\csci 562\lineintersect\lineintersect\debug\lineintersect.tlog\link.9032-cvtres.write.1.tlog
c:\users\stuart\school\csm spring 15\csci 562\lineintersect\lineintersect\debug\lineintersect.tlog\link.9032-rc.read.1.tlog
c:\users\stuart\school\csm spring 15\csci 562\lineintersect\lineintersect\debug\lineintersect.tlog\link.9032-rc.write.1.tlog
c:\users\stuart\school\csm spring 15\csci 562\lineintersect\lineintersect\debug\lineintersect.tlog\link.9032.read.1.tlog
c:\users\stuart\school\csm spring 15\csci 562\lineintersect\lineintersect\debug\lineintersect.tlog\link.9032.write.1.tlog
c:\users\stuart\school\csm spring 15\csci 562\lineintersect\lineintersect\debug\lineintersect.tlog\link.command.1.tlog
c:\users\stuart\school\csm spring 15\csci 562\lineintersect\lineintersect\debug\lineintersect.tlog\link.read.1.tlog
c:\users\stuart\school\csm spring 15\csci 562\lineintersect\lineintersect\debug\lineintersect.tlog\link.write.1.tlog
